<?xml version="1.0" encoding="UTF-8"?>
<testsuite name="com.reliaquest.api.config.CacheConfigTest" tests="1" skipped="0" failures="0" errors="0" timestamp="2025-09-10T08:00:56" hostname="veerapanenisMBP" time="0.001">
  <properties/>
  <testcase name="testCacheManagerBeanCreation()" classname="com.reliaquest.api.config.CacheConfigTest" time="0.001"/>
  <system-out><![CDATA[]]></system-out>
  <system-err><![CDATA[]]></system-err>
</testsuite>
