<?xml version="1.0" encoding="UTF-8"?>
<testsuite name="com.reliaquest.api.model.ResponseTest" tests="5" skipped="0" failures="0" errors="0" timestamp="2025-09-10T08:00:58" hostname="veerapanenisMBP" time="0.018">
  <properties/>
  <testcase name="testConstructorWithDataAndStatus()" classname="com.reliaquest.api.model.ResponseTest" time="0.003"/>
  <testcase name="testGenericTypeWorks()" classname="com.reliaquest.api.model.ResponseTest" time="0.001"/>
  <testcase name="testHandledWithStaticMethod()" classname="com.reliaquest.api.model.ResponseTest" time="0.007"/>
  <testcase name="testSetMessageSeparately()" classname="com.reliaquest.api.model.ResponseTest" time="0.002"/>
  <testcase name="testDefaultConstructorAndSettersGetters()" classname="com.reliaquest.api.model.ResponseTest" time="0.001"/>
  <system-out><![CDATA[]]></system-out>
  <system-err><![CDATA[]]></system-err>
</testsuite>
