<?xml version="1.0" encoding="UTF-8"?>
<testsuite name="com.reliaquest.api.ApiApplicationTest" tests="1" skipped="0" failures="0" errors="0" timestamp="2025-09-07T17:55:05" hostname="veerapanenisMBP" time="1.001">
  <properties/>
  <testcase name="someTest()" classname="com.reliaquest.api.ApiApplicationTest" time="1.001"/>
  <system-out><![CDATA[18:55:02.570 [Test worker] INFO org.springframework.test.context.support.AnnotationConfigContextLoaderUtils -- Could not detect default configuration classes for test class [com.reliaquest.api.ApiApplicationTest]: ApiApplicationTest does not declare any static, non-private, non-final, nested classes annotated with @Configuration.
18:55:02.734 [Test worker] INFO org.springframework.boot.test.context.SpringBootTestContextBootstrapper -- Found @SpringBootConfiguration com.reliaquest.api.ApiApplication for test class com.reliaquest.api.ApiApplicationTest

  .   ____          _            __ _ _
 /\\ / ___'_ __ _ _(_)_ __  __ _ \ \ \ \
( ( )\___ | '_ | '_| | '_ \/ _` | \ \ \ \
 \\/  ___)| |_)| | | | | || (_| |  ) ) ) )
  '  |____| .__|_| |_|_| |_\__, | / / / /
 =========|_|==============|___/=/_/_/_/
 :: Spring Boot ::               (v3.2.10)

2025-09-07T18:55:03.512+01:00  INFO 6214 --- [employee-api] [    Test worker] com.reliaquest.api.ApiApplicationTest    : Starting ApiApplicationTest using Java 17.0.16 with PID 6214 (started by veerapanenipoojaparimala in /Users/veerapanenipoojaparimala/Desktop/reliaquest/java-employee-challenge/api)
2025-09-07T18:55:03.516+01:00  INFO 6214 --- [employee-api] [    Test worker] com.reliaquest.api.ApiApplicationTest    : No active profile set, falling back to 1 default profile: "default"
2025-09-07T18:55:05.011+01:00  INFO 6214 --- [employee-api] [    Test worker] com.reliaquest.api.ApiApplicationTest    : Started ApiApplicationTest in 2.032 seconds (process running for 3.771)
]]></system-out>
  <system-err><![CDATA[]]></system-err>
</testsuite>
