<?xml version="1.0" encoding="UTF-8"?>
<testsuite name="com.reliaquest.api.ApiApplicationTest" tests="1" skipped="0" failures="0" errors="0" timestamp="2025-09-10T08:00:56" hostname="veerapanenisMBP" time="0.014">
  <properties/>
  <testcase name="someTest()" classname="com.reliaquest.api.ApiApplicationTest" time="0.014"/>
  <system-out><![CDATA[09:00:53.578 [Test worker] INFO org.springframework.test.context.support.AnnotationConfigContextLoaderUtils -- Could not detect default configuration classes for test class [com.reliaquest.api.ApiApplicationTest]: ApiApplicationTest does not declare any static, non-private, non-final, nested classes annotated with @Configuration.
09:00:53.743 [Test worker] INFO org.springframework.boot.test.context.SpringBootTestContextBootstrapper -- Found @SpringBootConfiguration com.reliaquest.api.ApiApplication for test class com.reliaquest.api.ApiApplicationTest

  .   ____          _            __ _ _
 /\\ / ___'_ __ _ _(_)_ __  __ _ \ \ \ \
( ( )\___ | '_ | '_| | '_ \/ _` | \ \ \ \
 \\/  ___)| |_)| | | | | || (_| |  ) ) ) )
  '  |____| .__|_| |_|_| |_\__, | / / / /
 =========|_|==============|___/=/_/_/_/
 :: Spring Boot ::               (v3.2.10)

2025-09-10T09:00:54.553+01:00  INFO 14847 --- [employee-api] [    Test worker] com.reliaquest.api.ApiApplicationTest    : Starting ApiApplicationTest using Java 17.0.16 with PID 14847 (started by veerapanenipoojaparimala in /Users/veerapanenipoojaparimala/Desktop/reliaquest/java-employee-challenge/api)
2025-09-10T09:00:54.555+01:00 DEBUG 14847 --- [employee-api] [    Test worker] com.reliaquest.api.ApiApplicationTest    : Running with Spring Boot v3.2.10, Spring v6.1.13
2025-09-10T09:00:54.557+01:00  INFO 14847 --- [employee-api] [    Test worker] com.reliaquest.api.ApiApplicationTest    : No active profile set, falling back to 1 default profile: "default"
2025-09-10T09:00:56.796+01:00  INFO 14847 --- [employee-api] [    Test worker] com.reliaquest.api.ApiApplicationTest    : Started ApiApplicationTest in 2.821 seconds (process running for 8.707)
]]></system-out>
  <system-err><![CDATA[]]></system-err>
</testsuite>
